<?xml version="1.0" encoding="UTF-8"?>
<robot generator="Robot 5.0.1 (Python 3.10.8 on win32)" generated="20221014 23:56:26.791" rpa="false" schemaversion="3">
<suite id="s1" name="Test" source="d:\work\Challenge\test.robot">
<test id="s1-t1" name="Google Index" line="48">
<kw name="Go to Google">
<kw name="Open Browser" library="Selenium2Library">
<arg>${url}</arg>
<arg>${browser}</arg>
<doc>Opens a new browser instance to the optional ``url``.</doc>
<msg timestamp="20221014 23:56:27.320" level="INFO">Opening browser 'chrome' to base url 'https://abhigyank.github.io/To-Do-List/'.</msg>
<status status="PASS" starttime="20221014 23:56:27.319" endtime="20221014 23:56:28.817"/>
</kw>
<kw name="Maximize Browser Window" library="Selenium2Library">
<doc>Maximizes current browser window.</doc>
<status status="PASS" starttime="20221014 23:56:28.818" endtime="20221014 23:56:28.937"/>
</kw>
<kw name="Sleep" library="BuiltIn">
<arg>2</arg>
<doc>Pauses the test executed for the given time.</doc>
<msg timestamp="20221014 23:56:30.951" level="INFO">Slept 2 seconds</msg>
<status status="PASS" starttime="20221014 23:56:28.937" endtime="20221014 23:56:30.951"/>
</kw>
<status status="PASS" starttime="20221014 23:56:27.317" endtime="20221014 23:56:30.952"/>
</kw>
<kw name="Add Item">
<kw name="Input Text" library="Selenium2Library">
<arg>xpath:${add_item}</arg>
<arg>TODO-List 1</arg>
<doc>Types the given ``text`` into the text field identified by ``locator``.</doc>
<msg timestamp="20221014 23:56:30.955" level="INFO">Typing text 'TODO-List 1' into text field 'xpath://input[@id='new-task']'.</msg>
<status status="PASS" starttime="20221014 23:56:30.954" endtime="20221014 23:56:31.024"/>
</kw>
<kw name="Click Element" library="Selenium2Library">
<arg>xpath:${add_item_click}</arg>
<doc>Click the element identified by ``locator``.</doc>
<msg timestamp="20221014 23:56:31.026" level="INFO">Clicking element 'xpath://i[contains(text(),'add')]'.</msg>
<status status="PASS" starttime="20221014 23:56:31.024" endtime="20221014 23:56:31.062"/>
</kw>
<kw name="Input Text" library="Selenium2Library">
<arg>xpath:${add_item}</arg>
<arg>TODO-List 2</arg>
<doc>Types the given ``text`` into the text field identified by ``locator``.</doc>
<msg timestamp="20221014 23:56:31.064" level="INFO">Typing text 'TODO-List 2' into text field 'xpath://input[@id='new-task']'.</msg>
<status status="PASS" starttime="20221014 23:56:31.063" endtime="20221014 23:56:31.113"/>
</kw>
<kw name="Click Element" library="Selenium2Library">
<arg>xpath:${add_item_click}</arg>
<doc>Click the element identified by ``locator``.</doc>
<msg timestamp="20221014 23:56:31.114" level="INFO">Clicking element 'xpath://i[contains(text(),'add')]'.</msg>
<status status="PASS" starttime="20221014 23:56:31.113" endtime="20221014 23:56:31.137"/>
</kw>
<kw name="Input Text" library="Selenium2Library">
<arg>xpath:${add_item}</arg>
<arg>TODO-List 3</arg>
<doc>Types the given ``text`` into the text field identified by ``locator``.</doc>
<msg timestamp="20221014 23:56:31.139" level="INFO">Typing text 'TODO-List 3' into text field 'xpath://input[@id='new-task']'.</msg>
<status status="PASS" starttime="20221014 23:56:31.138" endtime="20221014 23:56:31.185"/>
</kw>
<kw name="Click Element" library="Selenium2Library">
<arg>xpath:${add_item_click}</arg>
<doc>Click the element identified by ``locator``.</doc>
<msg timestamp="20221014 23:56:31.186" level="INFO">Clicking element 'xpath://i[contains(text(),'add')]'.</msg>
<status status="PASS" starttime="20221014 23:56:31.185" endtime="20221014 23:56:31.209"/>
</kw>
<status status="PASS" starttime="20221014 23:56:30.953" endtime="20221014 23:56:31.210"/>
</kw>
<kw name="TODO Tasks Archive">
<kw name="Click Element" library="Selenium2Library">
<arg>xpath:${tasks_tap}</arg>
<doc>Click the element identified by ``locator``.</doc>
<msg timestamp="20221014 23:56:31.213" level="INFO">Clicking element 'xpath://a[@href='#todo']'.</msg>
<status status="PASS" starttime="20221014 23:56:31.212" endtime="20221014 23:56:31.250"/>
</kw>
<kw name="Click Element" library="Selenium2Library">
<arg>xpath:${tasks_archive}</arg>
<doc>Click the element identified by ``locator``.</doc>
<msg timestamp="20221014 23:56:31.251" level="INFO">Clicking element 'xpath://span[@id='text-1']'.</msg>
<status status="PASS" starttime="20221014 23:56:31.250" endtime="20221014 23:56:31.287"/>
</kw>
<kw name="Click Element" library="Selenium2Library">
<arg>xpath:${tasks_archive}</arg>
<doc>Click the element identified by ``locator``.</doc>
<msg timestamp="20221014 23:56:31.289" level="INFO">Clicking element 'xpath://span[@id='text-1']'.</msg>
<status status="PASS" starttime="20221014 23:56:31.288" endtime="20221014 23:56:31.319"/>
</kw>
<status status="PASS" starttime="20221014 23:56:31.211" endtime="20221014 23:56:31.320"/>
</kw>
<kw name="TODO Tasks Delete">
<kw name="Click Element" library="Selenium2Library">
<arg>xpath:${tasks_delete}</arg>
<doc>Click the element identified by ``locator``.</doc>
<msg timestamp="20221014 23:56:31.323" level="INFO">Clicking element 'xpath://span[@class='mdl-button__ripple-container']'.</msg>
<status status="PASS" starttime="20221014 23:56:31.322" endtime="20221014 23:56:31.358"/>
</kw>
<status status="PASS" starttime="20221014 23:56:31.321" endtime="20221014 23:56:31.359"/>
</kw>
<kw name="TODO Complete Tap">
<kw name="Click Element" library="Selenium2Library">
<arg>xpath:${complete_tap}</arg>
<doc>Click the element identified by ``locator``.</doc>
<msg timestamp="20221014 23:56:31.362" level="INFO">Clicking element 'xpath://a[@href='#completed']'.</msg>
<status status="PASS" starttime="20221014 23:56:31.361" endtime="20221014 23:56:31.396"/>
</kw>
<kw name="Sleep" library="BuiltIn">
<arg>3</arg>
<doc>Pauses the test executed for the given time.</doc>
<msg timestamp="20221014 23:56:34.411" level="INFO">Slept 3 seconds</msg>
<status status="PASS" starttime="20221014 23:56:31.397" endtime="20221014 23:56:34.411"/>
</kw>
<kw name="Click Element" library="Selenium2Library">
<arg>xpath:${tasks_delete}</arg>
<doc>Click the element identified by ``locator``.</doc>
<msg timestamp="20221014 23:56:34.413" level="INFO">Clicking element 'xpath://span[@class='mdl-button__ripple-container']'.</msg>
<status status="PASS" starttime="20221014 23:56:34.412" endtime="20221014 23:56:34.444"/>
</kw>
<kw name="Sleep" library="BuiltIn">
<arg>3</arg>
<doc>Pauses the test executed for the given time.</doc>
<msg timestamp="20221014 23:56:37.455" level="INFO">Slept 3 seconds</msg>
<status status="PASS" starttime="20221014 23:56:34.444" endtime="20221014 23:56:37.455"/>
</kw>
<status status="PASS" starttime="20221014 23:56:31.360" endtime="20221014 23:56:37.456"/>
</kw>
<status status="PASS" starttime="20221014 23:56:27.314" endtime="20221014 23:56:37.457"/>
</test>
<status status="PASS" starttime="20221014 23:56:26.801" endtime="20221014 23:56:37.461"/>
</suite>
<statistics>
<total>
<stat pass="1" fail="0" skip="0">All Tests</stat>
</total>
<tag>
</tag>
<suite>
<stat pass="1" fail="0" skip="0" id="s1" name="Test">Test</stat>
</suite>
</statistics>
<errors>
</errors>
</robot>
