<?xml version="1.0" encoding="UTF-8"?>
<robot generator="Robot 5.0.1 (Python 3.10.8 on win32)" generated="20221015 00:42:07.304" rpa="false" schemaversion="3">
<suite id="s1" name="Challenge" source="D:\work\Challenge\testscript\challenge.robot">
<test id="s1-t1" name="Google Index" line="48">
<kw name="Go to Google">
<kw name="Open Browser" library="Selenium2Library">
<arg>${url}</arg>
<arg>${browser}</arg>
<doc>Opens a new browser instance to the optional ``url``.</doc>
<msg timestamp="20221015 00:42:07.496" level="INFO">Opening browser 'chrome' to base url 'https://abhigyank.github.io/To-Do-List/'.</msg>
<status status="PASS" starttime="20221015 00:42:07.496" endtime="20221015 00:42:08.963"/>
</kw>
<kw name="Maximize Browser Window" library="Selenium2Library">
<doc>Maximizes current browser window.</doc>
<status status="PASS" starttime="20221015 00:42:08.963" endtime="20221015 00:42:09.086"/>
</kw>
<kw name="Sleep" library="BuiltIn">
<arg>2</arg>
<doc>Pauses the test executed for the given time.</doc>
<msg timestamp="20221015 00:42:11.090" level="INFO">Slept 2 seconds</msg>
<status status="PASS" starttime="20221015 00:42:09.086" endtime="20221015 00:42:11.090"/>
</kw>
<status status="PASS" starttime="20221015 00:42:07.495" endtime="20221015 00:42:11.090"/>
</kw>
<kw name="Add Item">
<kw name="Input Text" library="Selenium2Library">
<arg>xpath:${add_item}</arg>
<arg>TODO-List 1</arg>
<doc>Types the given ``text`` into the text field identified by ``locator``.</doc>
<msg timestamp="20221015 00:42:11.091" level="INFO">Typing text 'TODO-List 1' into text field 'xpath://input[@id='new-task']'.</msg>
<status status="PASS" starttime="20221015 00:42:11.091" endtime="20221015 00:42:11.160"/>
</kw>
<kw name="Click Element" library="Selenium2Library">
<arg>xpath:${add_item_click}</arg>
<doc>Click the element identified by ``locator``.</doc>
<msg timestamp="20221015 00:42:11.160" level="INFO">Clicking element 'xpath://i[contains(text(),'add')]'.</msg>
<status status="PASS" starttime="20221015 00:42:11.160" endtime="20221015 00:42:11.192"/>
</kw>
<kw name="Input Text" library="Selenium2Library">
<arg>xpath:${add_item}</arg>
<arg>TODO-List 2</arg>
<doc>Types the given ``text`` into the text field identified by ``locator``.</doc>
<msg timestamp="20221015 00:42:11.192" level="INFO">Typing text 'TODO-List 2' into text field 'xpath://input[@id='new-task']'.</msg>
<status status="PASS" starttime="20221015 00:42:11.192" endtime="20221015 00:42:11.237"/>
</kw>
<kw name="Click Element" library="Selenium2Library">
<arg>xpath:${add_item_click}</arg>
<doc>Click the element identified by ``locator``.</doc>
<msg timestamp="20221015 00:42:11.237" level="INFO">Clicking element 'xpath://i[contains(text(),'add')]'.</msg>
<status status="PASS" starttime="20221015 00:42:11.237" endtime="20221015 00:42:11.258"/>
</kw>
<kw name="Input Text" library="Selenium2Library">
<arg>xpath:${add_item}</arg>
<arg>TODO-List 3</arg>
<doc>Types the given ``text`` into the text field identified by ``locator``.</doc>
<msg timestamp="20221015 00:42:11.258" level="INFO">Typing text 'TODO-List 3' into text field 'xpath://input[@id='new-task']'.</msg>
<status status="PASS" starttime="20221015 00:42:11.258" endtime="20221015 00:42:11.301"/>
</kw>
<kw name="Click Element" library="Selenium2Library">
<arg>xpath:${add_item_click}</arg>
<doc>Click the element identified by ``locator``.</doc>
<msg timestamp="20221015 00:42:11.302" level="INFO">Clicking element 'xpath://i[contains(text(),'add')]'.</msg>
<status status="PASS" starttime="20221015 00:42:11.301" endtime="20221015 00:42:11.321"/>
</kw>
<status status="PASS" starttime="20221015 00:42:11.090" endtime="20221015 00:42:11.321"/>
</kw>
<kw name="TODO Tasks Archive">
<kw name="Click Element" library="Selenium2Library">
<arg>xpath:${tasks_tap}</arg>
<doc>Click the element identified by ``locator``.</doc>
<msg timestamp="20221015 00:42:11.322" level="INFO">Clicking element 'xpath://a[@href='#todo']'.</msg>
<status status="PASS" starttime="20221015 00:42:11.321" endtime="20221015 00:42:11.356"/>
</kw>
<kw name="Click Element" library="Selenium2Library">
<arg>xpath:${tasks_archive}</arg>
<doc>Click the element identified by ``locator``.</doc>
<msg timestamp="20221015 00:42:11.356" level="INFO">Clicking element 'xpath://span[@id='text-1']'.</msg>
<status status="PASS" starttime="20221015 00:42:11.356" endtime="20221015 00:42:11.389"/>
</kw>
<kw name="Click Element" library="Selenium2Library">
<arg>xpath:${tasks_archive}</arg>
<doc>Click the element identified by ``locator``.</doc>
<msg timestamp="20221015 00:42:11.390" level="INFO">Clicking element 'xpath://span[@id='text-1']'.</msg>
<status status="PASS" starttime="20221015 00:42:11.390" endtime="20221015 00:42:11.418"/>
</kw>
<status status="PASS" starttime="20221015 00:42:11.321" endtime="20221015 00:42:11.418"/>
</kw>
<kw name="TODO Tasks Delete">
<kw name="Click Element" library="Selenium2Library">
<arg>xpath:${tasks_delete}</arg>
<doc>Click the element identified by ``locator``.</doc>
<msg timestamp="20221015 00:42:11.419" level="INFO">Clicking element 'xpath://span[@class='mdl-button__ripple-container']'.</msg>
<status status="PASS" starttime="20221015 00:42:11.419" endtime="20221015 00:42:11.452"/>
</kw>
<status status="PASS" starttime="20221015 00:42:11.418" endtime="20221015 00:42:11.452"/>
</kw>
<kw name="TODO Complete Tap">
<kw name="Click Element" library="Selenium2Library">
<arg>xpath:${complete_tap}</arg>
<doc>Click the element identified by ``locator``.</doc>
<msg timestamp="20221015 00:42:11.453" level="INFO">Clicking element 'xpath://a[@href='#completed']'.</msg>
<status status="PASS" starttime="20221015 00:42:11.452" endtime="20221015 00:42:11.486"/>
</kw>
<kw name="Sleep" library="BuiltIn">
<arg>3</arg>
<doc>Pauses the test executed for the given time.</doc>
<msg timestamp="20221015 00:42:14.494" level="INFO">Slept 3 seconds</msg>
<status status="PASS" starttime="20221015 00:42:11.486" endtime="20221015 00:42:14.494"/>
</kw>
<kw name="Click Element" library="Selenium2Library">
<arg>xpath:${tasks_delete}</arg>
<doc>Click the element identified by ``locator``.</doc>
<msg timestamp="20221015 00:42:14.494" level="INFO">Clicking element 'xpath://span[@class='mdl-button__ripple-container']'.</msg>
<status status="PASS" starttime="20221015 00:42:14.494" endtime="20221015 00:42:14.523"/>
</kw>
<kw name="Sleep" library="BuiltIn">
<arg>3</arg>
<doc>Pauses the test executed for the given time.</doc>
<msg timestamp="20221015 00:42:17.532" level="INFO">Slept 3 seconds</msg>
<status status="PASS" starttime="20221015 00:42:14.523" endtime="20221015 00:42:17.532"/>
</kw>
<status status="PASS" starttime="20221015 00:42:11.452" endtime="20221015 00:42:17.532"/>
</kw>
<status status="PASS" starttime="20221015 00:42:07.495" endtime="20221015 00:42:17.532"/>
</test>
<status status="PASS" starttime="20221015 00:42:07.305" endtime="20221015 00:42:17.534"/>
</suite>
<statistics>
<total>
<stat pass="1" fail="0" skip="0">All Tests</stat>
</total>
<tag>
</tag>
<suite>
<stat pass="1" fail="0" skip="0" id="s1" name="Challenge">Challenge</stat>
</suite>
</statistics>
<errors>
</errors>
</robot>
